TN:
SF:/home/f1del/hexlet/frontend-project-lvl2/src/index.js
FN:6,(anonymous_0)
FN:17,(anonymous_1)
FNF:2
FNH:2
FNDA:4,(anonymous_0)
FNDA:20,(anonymous_1)
DA:6,1
DA:7,4
DA:8,4
DA:10,4
DA:11,4
DA:13,4
DA:14,4
DA:15,4
DA:17,4
DA:18,20
DA:19,20
DA:20,20
DA:21,8
DA:22,4
DA:24,4
DA:26,12
DA:27,8
DA:28,4
DA:29,4
DA:31,20
DA:33,4
LF:21
LH:21
BRDA:20,0,0,8
BRDA:20,0,1,12
BRDA:20,1,0,20
BRDA:20,1,1,16
BRDA:21,2,0,4
BRDA:21,2,1,4
BRDA:26,3,0,8
BRDA:26,3,1,4
BRDA:28,4,0,4
BRDA:28,4,1,0
BRF:10
BRH:9
end_of_record
